<?xml version="1.0" encoding="UTF-8"?>
<!-- Generated by org.testng.reporters.JUnitReportReporter -->
<testsuite hostname="HP" failures="0" tests="1" name="pom.inetbanking.testcases.TC_Logintest_001" time="2.075" errors="0" timestamp="2023-07-12T10:11:23 IST" skipped="0">
  <testcase classname="pom.inetbanking.testcases.TC_Logintest_001" name="loginTest" time="2.075"/>
  <system-out/>
</testsuite> <!-- pom.inetbanking.testcases.TC_Logintest_001 -->
